<?xml version="1.0" encoding="UTF-8"?>
<!-- Generated by org.testng.reporters.JUnitXMLReporter -->
<testsuite hostname="Admin-PC" ignored="0" name="Default test(failed)" tests="1" failures="0" timestamp="10 Nov 2018 04:53:03 GMT" time="0.193" errors="0">
  <testcase name="@BeforeMethod setUp" time="0.019" classname="com.crm.qa.testcases.LoginPageTest">
    <failure type="java.lang.NullPointerException">
      <![CDATA[java.lang.NullPointerException
	at com.crm.qa.base.TestBase.initialization(TestBase.java:51)
	at com.crm.qa.testcases.LoginPageTest.setUp(LoginPageTest.java:21)
... Removed 27 stack frames]]>
    </failure>
  </testcase> <!-- @BeforeMethod setUp -->
  <testcase name="loginPageTitleTest" time="0.0" classname="com.crm.qa.testcases.LoginPageTest">
    <skipped/>
  </testcase> <!-- loginPageTitleTest -->
</testsuite> <!-- Default test(failed) -->
