<?xml version="1.0" encoding="UTF-8"?>
<!-- Generated by org.testng.reporters.JUnitXMLReporter -->
<testsuite hostname="Admin-PC" ignored="0" name="Default test" tests="4" failures="0" timestamp="20 Nov 2018 13:58:04 GMT" time="87.949" errors="0">
  <testcase name="loginPageTitleTest" time="0.028" classname="com.crm.qa.testcases.LoginPageTest"/>
  <testcase name="validatecrmLogoTest" time="0.21" classname="com.crm.qa.testcases.LoginPageTest"/>
  <testcase name="loginTest" time="5.068" classname="com.crm.qa.testcases.LoginPageTest"/>
  <testcase name="verifyHomePageTest" time="0.069" classname="com.crm.qa.testcases.HomePageTest"/>
</testsuite> <!-- Default test -->
