<?xml version="1.0" encoding="UTF-8"?>
<testng-results skipped="0" failed="0" ignored="0" total="4" passed="4">
  <reporter-output>
  </reporter-output>
  <suite name="Default suite" duration-ms="87949" started-at="2018-11-20T13:56:36Z" finished-at="2018-11-20T13:58:04Z">
    <groups>
    </groups>
    <test name="Default test" duration-ms="87949" started-at="2018-11-20T13:56:36Z" finished-at="2018-11-20T13:58:04Z">
      <class name="com.crm.qa.testcases.HomePageTest">
        <test-method status="PASS" signature="setUp()[pri:0, instance:com.crm.qa.testcases.HomePageTest@bca1e0]" name="setUp" is-config="true" duration-ms="29056" started-at="2018-11-20T19:27:34Z" finished-at="2018-11-20T19:28:03Z">
          <reporter-output>
          </reporter-output>
        </test-method> <!-- setUp -->
        <test-method status="PASS" signature="verifyHomePageTest()[pri:4, instance:com.crm.qa.testcases.HomePageTest@bca1e0]" name="verifyHomePageTest" duration-ms="69" started-at="2018-11-20T19:28:03Z" finished-at="2018-11-20T19:28:03Z">
          <reporter-output>
          </reporter-output>
        </test-method> <!-- verifyHomePageTest -->
        <test-method status="PASS" signature="tearDown()[pri:0, instance:com.crm.qa.testcases.HomePageTest@bca1e0]" name="tearDown" is-config="true" duration-ms="857" started-at="2018-11-20T19:28:03Z" finished-at="2018-11-20T19:28:04Z">
          <reporter-output>
          </reporter-output>
        </test-method> <!-- tearDown -->
      </class> <!-- com.crm.qa.testcases.HomePageTest -->
      <class name="com.crm.qa.testcases.LoginPageTest">
        <test-method status="PASS" signature="setUp()[pri:0, instance:com.crm.qa.testcases.LoginPageTest@286778]" name="setUp" is-config="true" duration-ms="18805" started-at="2018-11-20T19:26:37Z" finished-at="2018-11-20T19:26:55Z">
          <reporter-output>
          </reporter-output>
        </test-method> <!-- setUp -->
        <test-method status="PASS" signature="loginPageTitleTest()[pri:1, instance:com.crm.qa.testcases.LoginPageTest@286778]" name="loginPageTitleTest" duration-ms="28" started-at="2018-11-20T19:26:55Z" finished-at="2018-11-20T19:26:55Z">
          <reporter-output>
          </reporter-output>
        </test-method> <!-- loginPageTitleTest -->
        <test-method status="PASS" signature="exit()[pri:0, instance:com.crm.qa.testcases.LoginPageTest@286778]" name="exit" is-config="true" duration-ms="689" started-at="2018-11-20T19:26:55Z" finished-at="2018-11-20T19:26:56Z">
          <reporter-output>
          </reporter-output>
        </test-method> <!-- exit -->
        <test-method status="PASS" signature="setUp()[pri:0, instance:com.crm.qa.testcases.LoginPageTest@286778]" name="setUp" is-config="true" duration-ms="15783" started-at="2018-11-20T19:26:56Z" finished-at="2018-11-20T19:27:12Z">
          <reporter-output>
          </reporter-output>
        </test-method> <!-- setUp -->
        <test-method status="PASS" signature="validatecrmLogoTest()[pri:2, instance:com.crm.qa.testcases.LoginPageTest@286778]" name="validatecrmLogoTest" duration-ms="210" started-at="2018-11-20T19:27:12Z" finished-at="2018-11-20T19:27:12Z">
          <reporter-output>
          </reporter-output>
        </test-method> <!-- validatecrmLogoTest -->
        <test-method status="PASS" signature="exit()[pri:0, instance:com.crm.qa.testcases.LoginPageTest@286778]" name="exit" is-config="true" duration-ms="1049" started-at="2018-11-20T19:27:12Z" finished-at="2018-11-20T19:27:13Z">
          <reporter-output>
          </reporter-output>
        </test-method> <!-- exit -->
        <test-method status="PASS" signature="setUp()[pri:0, instance:com.crm.qa.testcases.LoginPageTest@286778]" name="setUp" is-config="true" duration-ms="15289" started-at="2018-11-20T19:27:13Z" finished-at="2018-11-20T19:27:28Z">
          <reporter-output>
          </reporter-output>
        </test-method> <!-- setUp -->
        <test-method status="PASS" signature="loginTest()[pri:3, instance:com.crm.qa.testcases.LoginPageTest@286778]" name="loginTest" duration-ms="5068" started-at="2018-11-20T19:27:28Z" finished-at="2018-11-20T19:27:33Z">
          <reporter-output>
          </reporter-output>
        </test-method> <!-- loginTest -->
        <test-method status="PASS" signature="exit()[pri:0, instance:com.crm.qa.testcases.LoginPageTest@286778]" name="exit" is-config="true" duration-ms="896" started-at="2018-11-20T19:27:33Z" finished-at="2018-11-20T19:27:34Z">
          <reporter-output>
          </reporter-output>
        </test-method> <!-- exit -->
      </class> <!-- com.crm.qa.testcases.LoginPageTest -->
    </test> <!-- Default test -->
  </suite> <!-- Default suite -->
</testng-results>
