<?xml version="1.0" encoding="UTF-8"?>
<!-- Generated by org.testng.reporters.JUnitXMLReporter -->
<testsuite hostname="Admin-PC" ignored="0" name="FirefoxExecution" tests="4" failures="0" timestamp="19 Nov 2018 10:11:15 GMT" time="0.503" errors="0">
  <testcase name="@BeforeMethod setUp" time="0.031" classname="com.crm.qa.testcases.HomePageTest">
    <failure type="java.lang.NullPointerException">
      <![CDATA[java.lang.NullPointerException
	at com.crm.qa.base.TestBase.initialization(TestBase.java:50)
	at com.crm.qa.testcases.HomePageTest.setUp(HomePageTest.java:24)
	at java.util.concurrent.FutureTask.run(Unknown Source)
	at java.util.concurrent.ThreadPoolExecutor.runWorker(Unknown Source)
	at java.util.concurrent.ThreadPoolExecutor$Worker.run(Unknown Source)
	at java.lang.Thread.run(Unknown Source)
... Removed 18 stack frames]]>
    </failure>
  </testcase> <!-- @BeforeMethod setUp -->
  <testcase name="@BeforeMethod setUp" time="0.001" classname="com.crm.qa.testcases.LoginPageTest">
    <failure type="java.lang.NullPointerException">
      <![CDATA[java.lang.NullPointerException
	at com.crm.qa.base.TestBase.initialization(TestBase.java:50)
	at com.crm.qa.testcases.LoginPageTest.setUp(LoginPageTest.java:22)
	at java.util.concurrent.FutureTask.run(Unknown Source)
	at java.util.concurrent.ThreadPoolExecutor.runWorker(Unknown Source)
	at java.util.concurrent.ThreadPoolExecutor$Worker.run(Unknown Source)
	at java.lang.Thread.run(Unknown Source)
... Removed 18 stack frames]]>
    </failure>
  </testcase> <!-- @BeforeMethod setUp -->
  <testcase name="@BeforeMethod setUp" time="0.0" classname="com.crm.qa.testcases.LoginPageTest">
    <skipped/>
  </testcase> <!-- @BeforeMethod setUp -->
  <testcase name="@BeforeMethod setUp" time="0.0" classname="com.crm.qa.testcases.LoginPageTest">
    <skipped/>
  </testcase> <!-- @BeforeMethod setUp -->
  <testcase name="verifyHomePageTest" time="0.0" classname="com.crm.qa.testcases.HomePageTest">
    <skipped/>
  </testcase> <!-- verifyHomePageTest -->
  <testcase name="loginPageTitleTest" time="0.0" classname="com.crm.qa.testcases.LoginPageTest">
    <skipped/>
  </testcase> <!-- loginPageTitleTest -->
  <testcase name="validatecrmLogoTest" time="0.0" classname="com.crm.qa.testcases.LoginPageTest">
    <skipped/>
  </testcase> <!-- validatecrmLogoTest -->
  <testcase name="loginTest" time="0.005" classname="com.crm.qa.testcases.LoginPageTest">
    <skipped/>
  </testcase> <!-- loginTest -->
</testsuite> <!-- FirefoxExecution -->
