<?xml version="1.0" encoding="UTF-8"?>
<!-- Generated by org.testng.reporters.JUnitXMLReporter -->
<testsuite hostname="Admin-PC" ignored="0" name="Smoke suite 1" tests="4" failures="0" timestamp="10 Nov 2018 17:19:36 GMT" time="100.565" errors="0">
  <testcase name="verifyHomePageTest" time="0.067" classname="com.crm.qa.testcases.HomePageTest"/>
  <testcase name="loginPageTitleTest" time="0.059" classname="com.crm.qa.testcases.LoginPageTest"/>
  <testcase name="validatecrmLogoTest" time="0.113" classname="com.crm.qa.testcases.LoginPageTest"/>
  <testcase name="loginTest" time="20.212" classname="com.crm.qa.testcases.LoginPageTest"/>
</testsuite> <!-- Smoke suite 1 -->
